<?xml version="1.0" encoding="UTF-8"?>
<!-- Generated by org.testng.reporters.JUnitReportReporter -->
<testsuite name="com.yd.test.testcase.TestDemo" tests="1" time="0.163" ignored="0" failures="0" timestamp="27 五月 2017 03:46:06 GMT" skipped="0" hostname="DRTZWGGSEF6TGOE" errors="0">
  <testcase name="testMember" time="0.163" classname="com.yd.test.testcase.TestDemo"/>
</testsuite> <!-- com.yd.test.testcase.TestDemo -->
