<?xml version="1.0" encoding="UTF-8"?>
<!-- Generated by org.testng.reporters.JUnitReportReporter -->
<testsuite hostname="DRTZWGGSEF6TGOE" name="com.yd.test.webdriver.DriverBase" tests="1" failures="0" timestamp="23 Feb 2017 07:28:09 GMT" time="4.914" errors="0">
  <testcase name="test" time="4.914" classname="com.yd.test.webdriver.DriverBase"/>
</testsuite> <!-- com.yd.test.webdriver.DriverBase -->
