<?xml version="1.0" encoding="UTF-8"?>
<!-- Generated by org.testng.reporters.JUnitReportReporter -->
<testsuite hostname="DRTZWGGSEF6TGOE" name="com.yd.test.testcase.AndroidDemo" tests="1" failures="0" timestamp="6 Apr 2017 02:52:30 GMT" time="13.141" errors="0">
  <testcase name="testDemo" time="13.141" classname="com.yd.test.testcase.AndroidDemo"/>
</testsuite> <!-- com.yd.test.testcase.AndroidDemo -->
