<?xml version="1.0" encoding="UTF-8"?>
<!-- Generated by org.testng.reporters.JUnitReportReporter -->
<testsuite hostname="DRTZWGGSEF6TGOE" name="com.yd.test.testcase.caseTest" tests="1" failures="0" timestamp="23 Feb 2017 07:43:22 GMT" time="4.953" errors="0">
  <testcase name="test" time="4.953" classname="com.yd.test.testcase.caseTest"/>
</testsuite> <!-- com.yd.test.testcase.caseTest -->
